Using pre-set license

 COMMAND LINE ARGUMENTS:
/Applications/Unity/Hub/Editor/2020.3.2f1/Unity.app/Contents/MacOS/Unity
-adb2
-batchMode
-noUpm
-name
AssetImportWorker1
-projectPath
/Users/van/Projects/Van/localization
-logFile
Logs/AssetImportWorker1.log
-srvPort
53613
Successfully changed project path to: /Users/van/Projects/Van/localization
/Users/van/Projects/Van/localization
Using Asset Import Pipeline V2.
Refreshing native plugins compatible for Editor in 49.56 ms, found 2 plugins.
Preloading 0 native plugins for Editor in 0.00 ms.
Initialize engine version: 2020.3.2f1 (8fd9074bf66c)
[Subsystems] Discovering subsystems at path /Applications/Unity/Hub/Editor/2020.3.2f1/Unity.app/Contents/Resources/UnitySubsystems
[Subsystems] Discovering subsystems at path /Users/van/Projects/Van/localization/Assets
GfxDevice: creating device client; threaded=0
2021-04-06 17:40:41.898 Unity[80470:1232126] Color LCD preferred device: AMD Radeon Pro 560X (high power)
2021-04-06 17:40:41.898 Unity[80470:1232126] Metal devices available: 2
2021-04-06 17:40:41.898 Unity[80470:1232126] 0: AMD Radeon Pro 560X (high power)
2021-04-06 17:40:41.898 Unity[80470:1232126] 1: Intel(R) UHD Graphics 630 (low power)
2021-04-06 17:40:41.898 Unity[80470:1232126] Using device AMD Radeon Pro 560X (high power)
Initializing Metal device caps: AMD Radeon Pro 560X
Initialize mono
Mono path[0] = '/Applications/Unity/Hub/Editor/2020.3.2f1/Unity.app/Contents/Managed'
Mono path[1] = '/Applications/Unity/Hub/Editor/2020.3.2f1/Unity.app/Contents/MonoBleedingEdge/lib/mono/unityjit'
Mono config path = '/Applications/Unity/Hub/Editor/2020.3.2f1/Unity.app/Contents/MonoBleedingEdge/etc'
Using monoOptions --debugger-agent=transport=dt_socket,embedding=1,server=y,suspend=n,address=127.0.0.1:56470
Begin MonoManager ReloadAssembly
Registering precompiled unity dll's ...
Register platform support module: /Applications/Unity/Hub/Editor/2020.3.2f1/Unity.app/Contents/PlaybackEngines/MacStandaloneSupport/UnityEditor.OSXStandalone.Extensions.dll
Registered in 0.000490 seconds.
Native extension for OSXStandalone target not found
Refreshing native plugins compatible for Editor in 45.62 ms, found 2 plugins.
Preloading 0 native plugins for Editor in 0.00 ms.
Invoked RoslynAnalysisRunner static constructor.
RoslynAnalysisRunner will not be running.
RoslynAnalysisRunner has terminated.
Mono: successfully reloaded assembly
- Completed reload, in  3.531 seconds
Platform modules already initialized, skipping
Registering precompiled user dll's ...
Registered in 0.001552 seconds.
Begin MonoManager ReloadAssembly
Native extension for OSXStandalone target not found
Refreshing native plugins compatible for Editor in 45.28 ms, found 2 plugins.
Preloading 0 native plugins for Editor in 0.00 ms.
Invoked RoslynAnalysisRunner static constructor.
RoslynAnalysisRunner will not be running.
RoslynAnalysisRunner has terminated.
Mono: successfully reloaded assembly
- Completed reload, in  1.129 seconds
Platform modules already initialized, skipping
========================================================================
Worker process is ready to serve import requests
Launching external process: /Applications/Unity/Hub/Editor/2020.3.2f1/Unity.app/Contents/Tools/UnityShaderCompiler
Launched and connected shader compiler UnityShaderCompiler after 0.02 seconds
Refreshing native plugins compatible for Editor in 0.46 ms, found 2 plugins.
Preloading 0 native plugins for Editor in 0.00 ms.
Unloading 2728 Unused Serialized files (Serialized files now loaded: 0)
System memory in use before: 186.8 MB.
System memory in use after: 186.9 MB.

Unloading 28 unused Assets to reduce memory usage. Loaded Objects now: 3168.
Total: 2.953219 ms (FindLiveObjects: 0.318791 ms CreateObjectMapping: 0.178992 ms MarkObjects: 2.298024 ms  DeleteObjects: 0.156388 ms)

========================================================================
Received Import Request.
  path: Assets/Localization/Resources/LocalizationAtlas.spriteatlas
  artifactKey: Guid(d636b601cc0b549bebd46b974ed92681) Importer(815301076,1909f56bfc062723c751e8b465ee728b)
Start importing Assets/Localization/Resources/LocalizationAtlas.spriteatlas using Guid(d636b601cc0b549bebd46b974ed92681) Importer(815301076,1909f56bfc062723c751e8b465ee728b)  -> (artifact id: '76e03dc25239e6019beb3db3ccfe4022') in 1.230036 seconds
  Import took 1.235009 seconds .

========================================================================
Received Import Request.
  Time since last request: 43.100157 seconds.
  path: Assets/Localization/Scripts/LocalizationConfig.cs
  artifactKey: Guid(6c6159c387fe48a39da62f77d5c31bc4) Importer(815301076,1909f56bfc062723c751e8b465ee728b)
Start importing Assets/Localization/Scripts/LocalizationConfig.cs using Guid(6c6159c387fe48a39da62f77d5c31bc4) Importer(815301076,1909f56bfc062723c751e8b465ee728b)  -> (artifact id: '242c4b14b69d6f057b92e8e1cea848d1') in 0.363307 seconds
  Import took 0.367853 seconds .

========================================================================
Received Import Request.
  Time since last request: 0.470505 seconds.
  path: Assets/Localization/Scripts/LocalizationController.cs
  artifactKey: Guid(d6b046ec267f49f4b8ed65523acd4678) Importer(815301076,1909f56bfc062723c751e8b465ee728b)
Start importing Assets/Localization/Scripts/LocalizationController.cs using Guid(d6b046ec267f49f4b8ed65523acd4678) Importer(815301076,1909f56bfc062723c751e8b465ee728b)  -> (artifact id: '70b4ec4878cc5a9ce16644be30d95bd3') in 0.005845 seconds
  Import took 0.010689 seconds .

========================================================================
Received Import Request.
  Time since last request: 0.871129 seconds.
  path: Assets/Localization/Scripts/LocalizationInstaller.cs
  artifactKey: Guid(e7b290aa13074c4396a93f5d558a3d06) Importer(815301076,1909f56bfc062723c751e8b465ee728b)
Start importing Assets/Localization/Scripts/LocalizationInstaller.cs using Guid(e7b290aa13074c4396a93f5d558a3d06) Importer(815301076,1909f56bfc062723c751e8b465ee728b)  -> (artifact id: '0584052f84f934eff39027f79b81efdc') in 0.003931 seconds
  Import took 0.008809 seconds .

========================================================================
Received Import Request.
  Time since last request: 1.399665 seconds.
  path: Assets/Localization/Scripts/LocalizationLanguage.cs
  artifactKey: Guid(63354acd563445a4bd0d8827a985edc5) Importer(815301076,1909f56bfc062723c751e8b465ee728b)
Start importing Assets/Localization/Scripts/LocalizationLanguage.cs using Guid(63354acd563445a4bd0d8827a985edc5) Importer(815301076,1909f56bfc062723c751e8b465ee728b)  -> (artifact id: 'e8fabb2bf2312f8356283323770f5cf0') in 0.005802 seconds
  Import took 0.010630 seconds .

========================================================================
Received Import Request.
  Time since last request: 0.000779 seconds.
  path: Assets/Localization/Scripts/LocalizationLanguage.cs
  artifactKey: Guid(63354acd563445a4bd0d8827a985edc5) Importer(815301076,1909f56bfc062723c751e8b465ee728b)
Start importing Assets/Localization/Scripts/LocalizationLanguage.cs using Guid(63354acd563445a4bd0d8827a985edc5) Importer(815301076,1909f56bfc062723c751e8b465ee728b)  -> (artifact id: 'e8fabb2bf2312f8356283323770f5cf0') in 0.004250 seconds
  Import took 0.008617 seconds .

========================================================================
Received Import Request.
  Time since last request: 7.760666 seconds.
  path: Assets/Localization/Scripts/LocalizationLanguage.cs
  artifactKey: Guid(63354acd563445a4bd0d8827a985edc5) Importer(815301076,1909f56bfc062723c751e8b465ee728b)
Start importing Assets/Localization/Scripts/LocalizationLanguage.cs using Guid(63354acd563445a4bd0d8827a985edc5) Importer(815301076,1909f56bfc062723c751e8b465ee728b)  -> (artifact id: 'b5af8f26bdae6e7138f2b74ba4eca727') in 0.003305 seconds
  Import took 0.007250 seconds .

========================================================================
Received Prepare
Registering precompiled user dll's ...
Registered in 0.003035 seconds.
Begin MonoManager ReloadAssembly
Native extension for OSXStandalone target not found
Refreshing native plugins compatible for Editor in 0.43 ms, found 2 plugins.
Preloading 0 native plugins for Editor in 0.00 ms.
Invoked RoslynAnalysisRunner static constructor.
RoslynAnalysisRunner will not be running.
RoslynAnalysisRunner has terminated.
Mono: successfully reloaded assembly
- Completed reload, in  1.114 seconds
Platform modules already initialized, skipping
Refreshing native plugins compatible for Editor in 0.43 ms, found 2 plugins.
Preloading 0 native plugins for Editor in 0.00 ms.
Unloading 2710 Unused Serialized files (Serialized files now loaded: 0)
System memory in use before: 194.4 MB.
System memory in use after: 194.5 MB.

Unloading 17 unused Assets to reduce memory usage. Loaded Objects now: 3172.
Total: 2.992679 ms (FindLiveObjects: 0.343966 ms CreateObjectMapping: 0.192249 ms MarkObjects: 2.336750 ms  DeleteObjects: 0.118266 ms)

========================================================================
Received Prepare
Registering precompiled user dll's ...
Registered in 0.003642 seconds.
Begin MonoManager ReloadAssembly
Native extension for OSXStandalone target not found
Refreshing native plugins compatible for Editor in 0.41 ms, found 2 plugins.
Preloading 0 native plugins for Editor in 0.00 ms.
Invoked RoslynAnalysisRunner static constructor.
RoslynAnalysisRunner will not be running.
RoslynAnalysisRunner has terminated.
Mono: successfully reloaded assembly
- Completed reload, in  1.075 seconds
Platform modules already initialized, skipping
Refreshing native plugins compatible for Editor in 0.48 ms, found 2 plugins.
Preloading 0 native plugins for Editor in 0.00 ms.
Unloading 2710 Unused Serialized files (Serialized files now loaded: 0)
System memory in use before: 194.7 MB.
System memory in use after: 194.8 MB.

Unloading 16 unused Assets to reduce memory usage. Loaded Objects now: 3176.
Total: 2.578807 ms (FindLiveObjects: 0.326938 ms CreateObjectMapping: 0.131918 ms MarkObjects: 2.012739 ms  DeleteObjects: 0.106056 ms)

========================================================================
Received Prepare
Registering precompiled user dll's ...
Registered in 0.003083 seconds.
Begin MonoManager ReloadAssembly
Native extension for OSXStandalone target not found
Refreshing native plugins compatible for Editor in 0.42 ms, found 2 plugins.
Preloading 0 native plugins for Editor in 0.00 ms.
Invoked RoslynAnalysisRunner static constructor.
RoslynAnalysisRunner will not be running.
RoslynAnalysisRunner has terminated.
Mono: successfully reloaded assembly
- Completed reload, in  0.993 seconds
Platform modules already initialized, skipping
Refreshing native plugins compatible for Editor in 0.43 ms, found 2 plugins.
Preloading 0 native plugins for Editor in 0.00 ms.
Unloading 2709 Unused Serialized files (Serialized files now loaded: 0)
System memory in use before: 194.9 MB.
System memory in use after: 195.0 MB.

Unloading 17 unused Assets to reduce memory usage. Loaded Objects now: 3179.
Total: 2.796489 ms (FindLiveObjects: 0.346700 ms CreateObjectMapping: 0.185759 ms MarkObjects: 2.139874 ms  DeleteObjects: 0.122214 ms)

========================================================================
Received Import Request.
  Time since last request: 89.037973 seconds.
  path: Assets/Localization/Scripts/ILicalizationProvider.cs
  artifactKey: Guid(7941bab4aab24de99493ffd2cd02c201) Importer(815301076,1909f56bfc062723c751e8b465ee728b)
Start importing Assets/Localization/Scripts/ILicalizationProvider.cs using Guid(7941bab4aab24de99493ffd2cd02c201) Importer(815301076,1909f56bfc062723c751e8b465ee728b)  -> (artifact id: '206bb689f89a9b9d6f76ffdbff483208') in 0.006410 seconds
  Import took 0.011513 seconds .

========================================================================
Received Import Request.
  Time since last request: 0.000741 seconds.
  path: Assets/Localization/Scripts/ILicalizationProvider.cs
  artifactKey: Guid(7941bab4aab24de99493ffd2cd02c201) Importer(815301076,1909f56bfc062723c751e8b465ee728b)
Start importing Assets/Localization/Scripts/ILicalizationProvider.cs using Guid(7941bab4aab24de99493ffd2cd02c201) Importer(815301076,1909f56bfc062723c751e8b465ee728b)  -> (artifact id: '206bb689f89a9b9d6f76ffdbff483208') in 0.001561 seconds
  Import took 0.006454 seconds .

========================================================================
Received Import Request.
  Time since last request: 8.075088 seconds.
  path: Assets/Localization/Scripts/ILocalizationProvider.cs
  artifactKey: Guid(7941bab4aab24de99493ffd2cd02c201) Importer(815301076,1909f56bfc062723c751e8b465ee728b)
Start importing Assets/Localization/Scripts/ILocalizationProvider.cs using Guid(7941bab4aab24de99493ffd2cd02c201) Importer(815301076,1909f56bfc062723c751e8b465ee728b)  -> (artifact id: 'efec14c47a9a015ae78d9362b385f682') in 0.002548 seconds
  Import took 0.007936 seconds .

========================================================================
Received Prepare
Registering precompiled user dll's ...
Registered in 0.001203 seconds.
Begin MonoManager ReloadAssembly
Native extension for OSXStandalone target not found
Refreshing native plugins compatible for Editor in 0.41 ms, found 2 plugins.
Preloading 0 native plugins for Editor in 0.00 ms.
Invoked RoslynAnalysisRunner static constructor.
RoslynAnalysisRunner will not be running.
RoslynAnalysisRunner has terminated.
Mono: successfully reloaded assembly
- Completed reload, in  1.020 seconds
Platform modules already initialized, skipping
Refreshing native plugins compatible for Editor in 0.50 ms, found 2 plugins.
Preloading 0 native plugins for Editor in 0.00 ms.
Unloading 2709 Unused Serialized files (Serialized files now loaded: 0)
System memory in use before: 195.1 MB.
System memory in use after: 195.2 MB.

Unloading 16 unused Assets to reduce memory usage. Loaded Objects now: 3183.
Total: 3.375944 ms (FindLiveObjects: 0.408848 ms CreateObjectMapping: 0.224678 ms MarkObjects: 2.600934 ms  DeleteObjects: 0.139766 ms)

========================================================================
Received Prepare
Registering precompiled user dll's ...
Registered in 0.003049 seconds.
Begin MonoManager ReloadAssembly
Native extension for OSXStandalone target not found
Refreshing native plugins compatible for Editor in 0.42 ms, found 2 plugins.
Preloading 0 native plugins for Editor in 0.00 ms.
Invoked RoslynAnalysisRunner static constructor.
RoslynAnalysisRunner will not be running.
RoslynAnalysisRunner has terminated.
Mono: successfully reloaded assembly
- Completed reload, in  1.027 seconds
Platform modules already initialized, skipping
Refreshing native plugins compatible for Editor in 0.43 ms, found 2 plugins.
Preloading 0 native plugins for Editor in 0.00 ms.
Unloading 2709 Unused Serialized files (Serialized files now loaded: 0)
System memory in use before: 195.3 MB.
System memory in use after: 195.4 MB.

Unloading 16 unused Assets to reduce memory usage. Loaded Objects now: 3187.
Total: 2.345641 ms (FindLiveObjects: 0.279388 ms CreateObjectMapping: 0.129911 ms MarkObjects: 1.827147 ms  DeleteObjects: 0.107989 ms)

========================================================================
Received Prepare
Registering precompiled user dll's ...
Registered in 0.003210 seconds.
Begin MonoManager ReloadAssembly
Native extension for OSXStandalone target not found
Refreshing native plugins compatible for Editor in 0.41 ms, found 2 plugins.
Preloading 0 native plugins for Editor in 0.00 ms.
Invoked RoslynAnalysisRunner static constructor.
RoslynAnalysisRunner will not be running.
RoslynAnalysisRunner has terminated.
Mono: successfully reloaded assembly
- Completed reload, in  1.016 seconds
Platform modules already initialized, skipping
Refreshing native plugins compatible for Editor in 0.43 ms, found 2 plugins.
Preloading 0 native plugins for Editor in 0.00 ms.
Unloading 2709 Unused Serialized files (Serialized files now loaded: 0)
System memory in use before: 195.6 MB.
System memory in use after: 195.7 MB.

Unloading 16 unused Assets to reduce memory usage. Loaded Objects now: 3191.
Total: 3.969991 ms (FindLiveObjects: 0.584060 ms CreateObjectMapping: 0.333673 ms MarkObjects: 2.896669 ms  DeleteObjects: 0.153140 ms)

========================================================================
Received Prepare
Registering precompiled user dll's ...
Registered in 0.003288 seconds.
Begin MonoManager ReloadAssembly
Native extension for OSXStandalone target not found
Refreshing native plugins compatible for Editor in 0.41 ms, found 2 plugins.
Preloading 0 native plugins for Editor in 0.00 ms.
Invoked RoslynAnalysisRunner static constructor.
RoslynAnalysisRunner will not be running.
RoslynAnalysisRunner has terminated.
Mono: successfully reloaded assembly
- Completed reload, in  0.980 seconds
Platform modules already initialized, skipping
Refreshing native plugins compatible for Editor in 0.44 ms, found 2 plugins.
Preloading 0 native plugins for Editor in 0.00 ms.
Unloading 2710 Unused Serialized files (Serialized files now loaded: 0)
System memory in use before: 195.8 MB.
System memory in use after: 195.9 MB.

Unloading 16 unused Assets to reduce memory usage. Loaded Objects now: 3196.
Total: 3.806447 ms (FindLiveObjects: 0.544445 ms CreateObjectMapping: 0.247159 ms MarkObjects: 2.871870 ms  DeleteObjects: 0.140851 ms)

========================================================================
Received Prepare
Registering precompiled user dll's ...
Registered in 0.002604 seconds.
Begin MonoManager ReloadAssembly
Native extension for OSXStandalone target not found
Refreshing native plugins compatible for Editor in 0.41 ms, found 2 plugins.
Preloading 0 native plugins for Editor in 0.00 ms.
Invoked RoslynAnalysisRunner static constructor.
RoslynAnalysisRunner will not be running.
RoslynAnalysisRunner has terminated.
Mono: successfully reloaded assembly
- Completed reload, in  0.982 seconds
Platform modules already initialized, skipping
Refreshing native plugins compatible for Editor in 0.43 ms, found 2 plugins.
Preloading 0 native plugins for Editor in 0.00 ms.
Unloading 2709 Unused Serialized files (Serialized files now loaded: 0)
System memory in use before: 196.0 MB.
System memory in use after: 196.1 MB.

Unloading 17 unused Assets to reduce memory usage. Loaded Objects now: 3199.
Total: 3.357021 ms (FindLiveObjects: 0.396038 ms CreateObjectMapping: 0.231314 ms MarkObjects: 2.584464 ms  DeleteObjects: 0.143335 ms)

========================================================================
Received Prepare
Registering precompiled user dll's ...
Registered in 0.003346 seconds.
Begin MonoManager ReloadAssembly
Native extension for OSXStandalone target not found
Refreshing native plugins compatible for Editor in 0.43 ms, found 2 plugins.
Preloading 0 native plugins for Editor in 0.00 ms.
Invoked RoslynAnalysisRunner static constructor.
RoslynAnalysisRunner will not be running.
RoslynAnalysisRunner has terminated.
Mono: successfully reloaded assembly
- Completed reload, in  1.059 seconds
Platform modules already initialized, skipping
Refreshing native plugins compatible for Editor in 0.43 ms, found 2 plugins.
Preloading 0 native plugins for Editor in 0.00 ms.
Unloading 2709 Unused Serialized files (Serialized files now loaded: 0)
System memory in use before: 196.3 MB.
System memory in use after: 196.4 MB.

Unloading 16 unused Assets to reduce memory usage. Loaded Objects now: 3203.
Total: 2.380505 ms (FindLiveObjects: 0.265841 ms CreateObjectMapping: 0.146128 ms MarkObjects: 1.858766 ms  DeleteObjects: 0.108311 ms)

========================================================================
Received Prepare
Registering precompiled user dll's ...
Registered in 0.001163 seconds.
Begin MonoManager ReloadAssembly
Native extension for OSXStandalone target not found
Refreshing native plugins compatible for Editor in 0.41 ms, found 2 plugins.
Preloading 0 native plugins for Editor in 0.00 ms.
Invoked RoslynAnalysisRunner static constructor.
RoslynAnalysisRunner will not be running.
RoslynAnalysisRunner has terminated.
Mono: successfully reloaded assembly
- Completed reload, in  0.994 seconds
Platform modules already initialized, skipping
Refreshing native plugins compatible for Editor in 0.40 ms, found 2 plugins.
Preloading 0 native plugins for Editor in 0.00 ms.
Unloading 2709 Unused Serialized files (Serialized files now loaded: 0)
System memory in use before: 196.4 MB.
System memory in use after: 196.5 MB.

Unloading 16 unused Assets to reduce memory usage. Loaded Objects now: 3207.
Total: 3.712356 ms (FindLiveObjects: 0.585829 ms CreateObjectMapping: 0.297549 ms MarkObjects: 2.684111 ms  DeleteObjects: 0.142473 ms)

========================================================================
Received Prepare
Registering precompiled user dll's ...
Registered in 0.003086 seconds.
Begin MonoManager ReloadAssembly
Native extension for OSXStandalone target not found
Refreshing native plugins compatible for Editor in 0.41 ms, found 2 plugins.
Preloading 0 native plugins for Editor in 0.00 ms.
Invoked RoslynAnalysisRunner static constructor.
RoslynAnalysisRunner will not be running.
RoslynAnalysisRunner has terminated.
Mono: successfully reloaded assembly
- Completed reload, in  0.973 seconds
Platform modules already initialized, skipping
Refreshing native plugins compatible for Editor in 0.42 ms, found 2 plugins.
Preloading 0 native plugins for Editor in 0.00 ms.
Unloading 2709 Unused Serialized files (Serialized files now loaded: 0)
System memory in use before: 196.7 MB.
System memory in use after: 196.8 MB.

Unloading 16 unused Assets to reduce memory usage. Loaded Objects now: 3211.
Total: 3.679196 ms (FindLiveObjects: 0.569856 ms CreateObjectMapping: 0.209534 ms MarkObjects: 2.757714 ms  DeleteObjects: 0.139679 ms)

========================================================================
Received Import Request.
  Time since last request: 147.112636 seconds.
  path: Assets/Localization/Scripts/ResourceProviders
  artifactKey: Guid(38dc6133869b44d04acd68d54a2ba77b) Importer(815301076,1909f56bfc062723c751e8b465ee728b)
Start importing Assets/Localization/Scripts/ResourceProviders using Guid(38dc6133869b44d04acd68d54a2ba77b) Importer(815301076,1909f56bfc062723c751e8b465ee728b)  -> (artifact id: '67be316f813dc223a6c3dc7cdb7dd9ed') in 0.005641 seconds
  Import took 0.010254 seconds .

========================================================================
Received Import Request.
  Time since last request: 0.023278 seconds.
  path: Assets/Localization/Scripts/ResourceProviders
  artifactKey: Guid(38dc6133869b44d04acd68d54a2ba77b) Importer(815301076,1909f56bfc062723c751e8b465ee728b)
Start importing Assets/Localization/Scripts/ResourceProviders using Guid(38dc6133869b44d04acd68d54a2ba77b) Importer(815301076,1909f56bfc062723c751e8b465ee728b)  -> (artifact id: '67be316f813dc223a6c3dc7cdb7dd9ed') in 0.000848 seconds
  Import took 0.005513 seconds .

========================================================================
Received Prepare
Registering precompiled user dll's ...
Registered in 0.001198 seconds.
Begin MonoManager ReloadAssembly
Native extension for OSXStandalone target not found
Refreshing native plugins compatible for Editor in 0.42 ms, found 2 plugins.
Preloading 0 native plugins for Editor in 0.00 ms.
Invoked RoslynAnalysisRunner static constructor.
RoslynAnalysisRunner will not be running.
RoslynAnalysisRunner has terminated.
Mono: successfully reloaded assembly
- Completed reload, in  1.048 seconds
Platform modules already initialized, skipping
Refreshing native plugins compatible for Editor in 0.43 ms, found 2 plugins.
Preloading 0 native plugins for Editor in 0.00 ms.
Unloading 2709 Unused Serialized files (Serialized files now loaded: 0)
System memory in use before: 196.9 MB.
System memory in use after: 197.0 MB.

Unloading 16 unused Assets to reduce memory usage. Loaded Objects now: 3215.
Total: 3.262363 ms (FindLiveObjects: 0.506023 ms CreateObjectMapping: 0.234112 ms MarkObjects: 2.389704 ms  DeleteObjects: 0.130707 ms)

========================================================================
Received Prepare
Registering precompiled user dll's ...
Registered in 0.003088 seconds.
Begin MonoManager ReloadAssembly
Native extension for OSXStandalone target not found
Refreshing native plugins compatible for Editor in 0.43 ms, found 2 plugins.
Preloading 0 native plugins for Editor in 0.00 ms.
Invoked RoslynAnalysisRunner static constructor.
RoslynAnalysisRunner will not be running.
RoslynAnalysisRunner has terminated.
Mono: successfully reloaded assembly
- Completed reload, in  1.063 seconds
Platform modules already initialized, skipping
Refreshing native plugins compatible for Editor in 0.47 ms, found 2 plugins.
Preloading 0 native plugins for Editor in 0.00 ms.
Unloading 2709 Unused Serialized files (Serialized files now loaded: 0)
System memory in use before: 197.2 MB.
System memory in use after: 197.3 MB.

Unloading 16 unused Assets to reduce memory usage. Loaded Objects now: 3219.
Total: 3.222620 ms (FindLiveObjects: 0.345710 ms CreateObjectMapping: 0.170888 ms MarkObjects: 2.553347 ms  DeleteObjects: 0.151173 ms)

========================================================================
Received Prepare
Registering precompiled user dll's ...
Registered in 0.001207 seconds.
Begin MonoManager ReloadAssembly
Native extension for OSXStandalone target not found
Refreshing native plugins compatible for Editor in 0.43 ms, found 2 plugins.
Preloading 0 native plugins for Editor in 0.00 ms.
Invoked RoslynAnalysisRunner static constructor.
RoslynAnalysisRunner will not be running.
RoslynAnalysisRunner has terminated.
Mono: successfully reloaded assembly
- Completed reload, in  1.070 seconds
Platform modules already initialized, skipping
Refreshing native plugins compatible for Editor in 0.43 ms, found 2 plugins.
Preloading 0 native plugins for Editor in 0.00 ms.
Unloading 2709 Unused Serialized files (Serialized files now loaded: 0)
System memory in use before: 197.4 MB.
System memory in use after: 197.5 MB.

Unloading 16 unused Assets to reduce memory usage. Loaded Objects now: 3223.
Total: 3.103696 ms (FindLiveObjects: 0.329462 ms CreateObjectMapping: 0.142898 ms MarkObjects: 2.487118 ms  DeleteObjects: 0.142663 ms)

========================================================================
Received Prepare
Registering precompiled user dll's ...
Registered in 0.001312 seconds.
Begin MonoManager ReloadAssembly
Native extension for OSXStandalone target not found
Refreshing native plugins compatible for Editor in 0.41 ms, found 2 plugins.
Preloading 0 native plugins for Editor in 0.00 ms.
Invoked RoslynAnalysisRunner static constructor.
RoslynAnalysisRunner will not be running.
RoslynAnalysisRunner has terminated.
Mono: successfully reloaded assembly
- Completed reload, in  1.034 seconds
Platform modules already initialized, skipping
Refreshing native plugins compatible for Editor in 0.48 ms, found 2 plugins.
Preloading 0 native plugins for Editor in 0.00 ms.
Unloading 2709 Unused Serialized files (Serialized files now loaded: 0)
System memory in use before: 197.5 MB.
System memory in use after: 197.6 MB.

Unloading 16 unused Assets to reduce memory usage. Loaded Objects now: 3227.
Total: 3.101827 ms (FindLiveObjects: 0.406370 ms CreateObjectMapping: 0.269245 ms MarkObjects: 2.304891 ms  DeleteObjects: 0.119852 ms)

========================================================================
Received Import Request.
  Time since last request: 93.781042 seconds.
  path: Assets/Localization/ILocalizationProvider.cs
  artifactKey: Guid(7941bab4aab24de99493ffd2cd02c201) Importer(815301076,1909f56bfc062723c751e8b465ee728b)
Start importing Assets/Localization/ILocalizationProvider.cs using Guid(7941bab4aab24de99493ffd2cd02c201) Importer(815301076,1909f56bfc062723c751e8b465ee728b)  -> (artifact id: 'a4cde4042f8dba6d1c053a1704db245e') in 0.005303 seconds
  Import took 0.009939 seconds .

========================================================================
Received Import Request.
  Time since last request: 89.461683 seconds.
  path: Assets/Localization/Localization.asmdef
  artifactKey: Guid(bde511e44222641b2a18b1f89b8b9bf6) Importer(815301076,1909f56bfc062723c751e8b465ee728b)
Start importing Assets/Localization/Localization.asmdef using Guid(bde511e44222641b2a18b1f89b8b9bf6) Importer(815301076,1909f56bfc062723c751e8b465ee728b)  -> (artifact id: 'cd59e6a6f737277100a09d31718e1f34') in 0.431224 seconds
  Import took 0.436898 seconds .

========================================================================
Received Prepare
Registering precompiled user dll's ...
Registered in 0.003147 seconds.
Begin MonoManager ReloadAssembly
Native extension for OSXStandalone target not found
Refreshing native plugins compatible for Editor in 0.42 ms, found 2 plugins.
Preloading 0 native plugins for Editor in 0.00 ms.
Invoked RoslynAnalysisRunner static constructor.
RoslynAnalysisRunner will not be running.
RoslynAnalysisRunner has terminated.
Mono: successfully reloaded assembly
- Completed reload, in  1.022 seconds
Platform modules already initialized, skipping
Refreshing native plugins compatible for Editor in 0.45 ms, found 2 plugins.
Preloading 0 native plugins for Editor in 0.00 ms.
Unloading 2709 Unused Serialized files (Serialized files now loaded: 0)
System memory in use before: 202.0 MB.
System memory in use after: 202.1 MB.

Unloading 16 unused Assets to reduce memory usage. Loaded Objects now: 3231.
Total: 2.680287 ms (FindLiveObjects: 0.295147 ms CreateObjectMapping: 0.178390 ms MarkObjects: 2.088704 ms  DeleteObjects: 0.116479 ms)

========================================================================
Received Prepare
Registering precompiled user dll's ...
Registered in 0.002994 seconds.
Begin MonoManager ReloadAssembly
Native extension for OSXStandalone target not found
Refreshing native plugins compatible for Editor in 0.46 ms, found 2 plugins.
Preloading 0 native plugins for Editor in 0.00 ms.
Invoked RoslynAnalysisRunner static constructor.
RoslynAnalysisRunner will not be running.
RoslynAnalysisRunner has terminated.
Mono: successfully reloaded assembly
- Completed reload, in  1.067 seconds
Platform modules already initialized, skipping
Refreshing native plugins compatible for Editor in 0.47 ms, found 2 plugins.
Preloading 0 native plugins for Editor in 0.00 ms.
Unloading 2708 Unused Serialized files (Serialized files now loaded: 0)
System memory in use before: 202.2 MB.
System memory in use after: 202.3 MB.

Unloading 17 unused Assets to reduce memory usage. Loaded Objects now: 3234.
Total: 3.255373 ms (FindLiveObjects: 0.359624 ms CreateObjectMapping: 0.159941 ms MarkObjects: 2.581588 ms  DeleteObjects: 0.152755 ms)

